D:\创新\项目\ImageProcess\ImageProcessTool\ImageProcessTool\x64\Release\cl.command.1.tlog
D:\创新\项目\ImageProcess\ImageProcessTool\ImageProcessTool\x64\Release\CL.read.1.tlog
D:\创新\项目\ImageProcess\ImageProcessTool\ImageProcessTool\x64\Release\CL.write.1.tlog
D:\创新\项目\IMAGEPROCESS\IMAGEPROCESSTOOL\IMAGEPROCESSTOOL\X64\RELEASE\CVVIMAGE.OBJ
D:\创新\项目\IMAGEPROCESS\IMAGEPROCESSTOOL\IMAGEPROCESSTOOL\X64\RELEASE\DLGAFFINEWARP.OBJ
D:\创新\项目\IMAGEPROCESS\IMAGEPROCESSTOOL\IMAGEPROCESSTOOL\X64\RELEASE\DLGCANNY.OBJ
D:\创新\项目\IMAGEPROCESS\IMAGEPROCESSTOOL\IMAGEPROCESSTOOL\X64\RELEASE\DLGCONVEXHULL.OBJ
D:\创新\项目\IMAGEPROCESS\IMAGEPROCESSTOOL\IMAGEPROCESSTOOL\X64\RELEASE\DLGDEFOG.OBJ
D:\创新\项目\IMAGEPROCESS\IMAGEPROCESSTOOL\IMAGEPROCESSTOOL\X64\RELEASE\DLGFILTER.OBJ
D:\创新\项目\IMAGEPROCESS\IMAGEPROCESSTOOL\IMAGEPROCESSTOOL\X64\RELEASE\DLGFINDCONTOURS.OBJ
D:\创新\项目\IMAGEPROCESS\IMAGEPROCESSTOOL\IMAGEPROCESSTOOL\X64\RELEASE\DLGFLOODFILL.OBJ
D:\创新\项目\IMAGEPROCESS\IMAGEPROCESSTOOL\IMAGEPROCESSTOOL\X64\RELEASE\DLGHOUGHLINES.OBJ
D:\创新\项目\IMAGEPROCESS\IMAGEPROCESSTOOL\IMAGEPROCESSTOOL\X64\RELEASE\DLGHOUGHLINESP.OBJ
D:\创新\项目\IMAGEPROCESS\IMAGEPROCESSTOOL\IMAGEPROCESSTOOL\X64\RELEASE\DLGLAPLACIAN.OBJ
D:\创新\项目\IMAGEPROCESS\IMAGEPROCESSTOOL\IMAGEPROCESSTOOL\X64\RELEASE\DLGMORPHOLOGY.OBJ
D:\创新\项目\IMAGEPROCESS\IMAGEPROCESSTOOL\IMAGEPROCESSTOOL\X64\RELEASE\DLGPOLY.OBJ
D:\创新\项目\IMAGEPROCESS\IMAGEPROCESSTOOL\IMAGEPROCESSTOOL\X64\RELEASE\DLGPROPERTY.OBJ
D:\创新\项目\IMAGEPROCESS\IMAGEPROCESSTOOL\IMAGEPROCESSTOOL\X64\RELEASE\DLGREMAP.OBJ
D:\创新\项目\IMAGEPROCESS\IMAGEPROCESSTOOL\IMAGEPROCESSTOOL\X64\RELEASE\DLGRESIZE.OBJ
D:\创新\项目\IMAGEPROCESS\IMAGEPROCESSTOOL\IMAGEPROCESSTOOL\X64\RELEASE\DLGSCHARR.OBJ
D:\创新\项目\IMAGEPROCESS\IMAGEPROCESSTOOL\IMAGEPROCESSTOOL\X64\RELEASE\DLGSET.OBJ
D:\创新\项目\IMAGEPROCESS\IMAGEPROCESSTOOL\IMAGEPROCESSTOOL\X64\RELEASE\DLGSOBEL.OBJ
D:\创新\项目\IMAGEPROCESS\IMAGEPROCESSTOOL\IMAGEPROCESSTOOL\X64\RELEASE\DLGSTICH.OBJ
D:\创新\项目\IMAGEPROCESS\IMAGEPROCESSTOOL\IMAGEPROCESSTOOL\X64\RELEASE\DLGTHRESHOLD.OBJ
D:\创新\项目\IMAGEPROCESS\IMAGEPROCESSTOOL\IMAGEPROCESSTOOL\X64\RELEASE\DLGTHRESHOLDADAPTIVE.OBJ
D:\创新\项目\IMAGEPROCESS\IMAGEPROCESSTOOL\IMAGEPROCESSTOOL\X64\RELEASE\IMAGEPROCESSTOOL.EXE.INTERMEDIATE.MANIFEST
D:\创新\项目\IMAGEPROCESS\IMAGEPROCESSTOOL\IMAGEPROCESSTOOL\X64\RELEASE\IMAGEPROCESSTOOL.OBJ
D:\创新\项目\IMAGEPROCESS\IMAGEPROCESSTOOL\IMAGEPROCESSTOOL\X64\RELEASE\IMAGEPROCESSTOOL.RES
D:\创新\项目\ImageProcess\ImageProcessTool\ImageProcessTool\x64\Release\ImageProcessTool.vcxprojResolveAssemblyReference.cache
D:\创新\项目\ImageProcess\ImageProcessTool\ImageProcessTool\x64\Release\ImageProcessTool.write.1.tlog
D:\创新\项目\IMAGEPROCESS\IMAGEPROCESSTOOL\IMAGEPROCESSTOOL\X64\RELEASE\IMAGEPROCESSTOOLDOC.OBJ
D:\创新\项目\IMAGEPROCESS\IMAGEPROCESSTOOL\IMAGEPROCESSTOOL\X64\RELEASE\IMAGEPROCESSTOOLVIEW.OBJ
D:\创新\项目\ImageProcess\ImageProcessTool\ImageProcessTool\x64\Release\link.command.1.tlog
D:\创新\项目\ImageProcess\ImageProcessTool\ImageProcessTool\x64\Release\link.read.1.tlog
D:\创新\项目\ImageProcess\ImageProcessTool\ImageProcessTool\x64\Release\link.write.1.tlog
D:\创新\项目\ImageProcess\ImageProcessTool\ImageProcessTool\x64\Release\link-cvtres.read.1.tlog
D:\创新\项目\ImageProcess\ImageProcessTool\ImageProcessTool\x64\Release\link-cvtres.write.1.tlog
D:\创新\项目\IMAGEPROCESS\IMAGEPROCESSTOOL\IMAGEPROCESSTOOL\X64\RELEASE\MAINFRM.OBJ
D:\创新\项目\IMAGEPROCESS\IMAGEPROCESSTOOL\IMAGEPROCESSTOOL\X64\RELEASE\MDICLIENT.OBJ
D:\创新\项目\ImageProcess\ImageProcessTool\ImageProcessTool\x64\Release\mt.command.1.tlog
D:\创新\项目\ImageProcess\ImageProcessTool\ImageProcessTool\x64\Release\mt.read.1.tlog
D:\创新\项目\ImageProcess\ImageProcessTool\ImageProcessTool\x64\Release\mt.write.1.tlog
D:\创新\项目\ImageProcess\ImageProcessTool\ImageProcessTool\x64\Release\rc.command.1.tlog
D:\创新\项目\ImageProcess\ImageProcessTool\ImageProcessTool\x64\Release\rc.read.1.tlog
D:\创新\项目\ImageProcess\ImageProcessTool\ImageProcessTool\x64\Release\rc.write.1.tlog
D:\创新\项目\IMAGEPROCESS\IMAGEPROCESSTOOL\IMAGEPROCESSTOOL\X64\RELEASE\STDAFX.OBJ
D:\创新\项目\IMAGEPROCESS\IMAGEPROCESSTOOL\IMAGEPROCESSTOOL\X64\RELEASE\VC100.PDB
D:\创新\项目\IMAGEPROCESS\IMAGEPROCESSTOOL\X64\RELEASE\IMAGEPROCESSTOOL.EXE
